Arguments: 
  /usr/local/bin/node /usr/local/bin/yarn publish

PATH: 
  /usr/local/sbin:/usr/local/bin:/usr/sbin:/usr/bin:/sbin:/bin:/usr/games:/usr/local/games:/snap/bin:/snap/bin

Yarn version: 
  1.22.17

Node version: 
  16.13.1

Platform: 
  linux x64

Trace: 
  Error: canceled
      at Interface.<anonymous> (/usr/local/lib/node_modules/yarn/lib/cli.js:137143:13)
      at Interface.emit (node:events:390:28)
      at Interface._ttyWrite (node:readline:1081:16)
      at ReadStream.onkeypress (node:readline:288:10)
      at ReadStream.emit (node:events:390:28)
      at emitKeys (node:internal/readline/utils:358:14)
      at emitKeys.next (<anonymous>)
      at ReadStream.onData (node:internal/readline/emitKeypressEvents:61:36)
      at ReadStream.emit (node:events:390:28)
      at addChunk (node:internal/streams/readable:315:12)

npm manifest: 
  {
      "name": "stack-structure",
      "version": "1.0.0",
      "description": "A Stack Library",
      "main": "index.js",
      "repository": {
          "url": "git://github.com/thangved/stack-structure.git"
      },
      "author": {
          "url": "https://www.npmjs.com/package/~thangved",
          "name": "thangved"
      },
      "license": "MIT",
      "private": false,
      "scripts": {
          "prettier": "prettier --write . --use-tabs=true --tab-width=4",
          "build": "yarn prettier"
      },
      "devDependencies": {
          "prettier": "^2.5.1"
      },
      "keywords": [
          "stack",
          "thangved",
          "dataStructure"
      ]
  }

yarn manifest: 
  No manifest

Lockfile: 
  # THIS IS AN AUTOGENERATED FILE. DO NOT EDIT THIS FILE DIRECTLY.
  # yarn lockfile v1
  
  
  prettier@^2.5.1:
    version "2.5.1"
    resolved "https://registry.yarnpkg.com/prettier/-/prettier-2.5.1.tgz#fff75fa9d519c54cf0fce328c1017d94546bc56a"
    integrity sha512-vBZcPRUR5MZJwoyi3ZoyQlc1rXeEck8KgeC9AwwOn+exuxLxq5toTRDTSaVrXHxelDMHy9zlicw8u66yxoSUFg==
